# Logfile created on 2014-03-06 17:13:09 -0800 by logger.rb/41954
I, [2014-03-06T17:13:09.732322 #42651]  INFO -- : 0:  addressable (2.3.5) from /Users/jeromeallouche/.rvm/gems/ruby-2.1.0/specifications/addressable-2.3.5.gemspec
I, [2014-03-06T17:13:09.732778 #42651]  INFO -- : 0:  backports (3.6.0) from /Users/jeromeallouche/.rvm/gems/ruby-2.1.0/specifications/backports-3.6.0.gemspec
I, [2014-03-06T17:13:09.733021 #42651]  INFO -- : 0:  coderay (1.1.0) from /Users/jeromeallouche/.rvm/gems/ruby-2.1.0/specifications/coderay-1.1.0.gemspec
I, [2014-03-06T17:13:09.733251 #42651]  INFO -- : 0:  daemons (1.1.9) from /Users/jeromeallouche/.rvm/gems/ruby-2.1.0/specifications/daemons-1.1.9.gemspec
I, [2014-03-06T17:13:09.733479 #42651]  INFO -- : 0:  eventmachine (1.0.3) from /Users/jeromeallouche/.rvm/gems/ruby-2.1.0/specifications/eventmachine-1.0.3.gemspec
I, [2014-03-06T17:13:09.733715 #42651]  INFO -- : 0:  em-websocket (0.3.8) from /Users/jeromeallouche/.rvm/gems/ruby-2.1.0/specifications/em-websocket-0.3.8.gemspec
I, [2014-03-06T17:13:09.733945 #42651]  INFO -- : 0:  method_source (0.8.2) from /Users/jeromeallouche/.rvm/gems/ruby-2.1.0/specifications/method_source-0.8.2.gemspec
I, [2014-03-06T17:13:09.734244 #42651]  INFO -- : 0:  multi_json (1.9.0) from /Users/jeromeallouche/.rvm/gems/ruby-2.1.0/specifications/multi_json-1.9.0.gemspec
I, [2014-03-06T17:13:09.734478 #42651]  INFO -- : 0:  slop (3.4.7) from /Users/jeromeallouche/.rvm/gems/ruby-2.1.0/specifications/slop-3.4.7.gemspec
I, [2014-03-06T17:13:09.734737 #42651]  INFO -- : 0:  pry (0.9.12.6) from /Users/jeromeallouche/.rvm/gems/ruby-2.1.0/specifications/pry-0.9.12.6.gemspec
I, [2014-03-06T17:13:09.734986 #42651]  INFO -- : 0:  rack (1.5.2) from /Users/jeromeallouche/.rvm/gems/ruby-2.1.0/specifications/rack-1.5.2.gemspec
I, [2014-03-06T17:13:09.735222 #42651]  INFO -- : 0:  rack-protection (1.5.2) from /Users/jeromeallouche/.rvm/gems/ruby-2.1.0/specifications/rack-protection-1.5.2.gemspec
I, [2014-03-06T17:13:09.735448 #42651]  INFO -- : 0:  rack-test (0.6.2) from /Users/jeromeallouche/.rvm/gems/ruby-2.1.0/specifications/rack-test-0.6.2.gemspec
I, [2014-03-06T17:13:09.735668 #42651]  INFO -- : 0:  tilt (1.4.1) from /Users/jeromeallouche/.rvm/gems/ruby-2.1.0/specifications/tilt-1.4.1.gemspec
I, [2014-03-06T17:13:09.735910 #42651]  INFO -- : 0:  sinatra (1.4.4) from /Users/jeromeallouche/.rvm/gems/ruby-2.1.0/specifications/sinatra-1.4.4.gemspec
I, [2014-03-06T17:13:09.736135 #42651]  INFO -- : 0:  sinatra-contrib (1.4.2) from /Users/jeromeallouche/.rvm/gems/ruby-2.1.0/specifications/sinatra-contrib-1.4.2.gemspec
I, [2014-03-06T17:13:09.736355 #42651]  INFO -- : 0:  thin (1.6.2) from /Users/jeromeallouche/.rvm/gems/ruby-2.1.0/specifications/thin-1.6.2.gemspec
I, [2014-03-06T17:13:09.736574 #42651]  INFO -- : 0:  sinatra-websocket (0.3.0) from /Users/jeromeallouche/.rvm/gems/ruby-2.1.0/specifications/sinatra-websocket-0.3.0.gemspec
I, [2014-03-06T17:13:09.736797 #42651]  INFO -- : 0:  bundler (1.5.1) from /Users/jeromeallouche/.rvm/gems/ruby-2.1.0@global/specifications/bundler-1.5.1.gemspec
